  memory.cpp
D:\csgo\HPCS2-main\HPCS2\memory.hpp(97,1): warning C4267: “参数”: 从“size_t”转换到“ULONG”，可能丢失数据
D:\csgo\HPCS2-main\HPCS2\handle_hijack.hpp(198,15): warning C4244: “*=”: 从“double”转换到“DWORD”，可能丢失数据
D:\csgo\HPCS2-main\HPCS2\handle_hijack.hpp(249,64): warning C4312: “类型强制转换”: 从“ULONG”转换到更大的“DWORD *”
  Source.cpp
D:\csgo\HPCS2-main\HPCS2\memory.hpp(97,1): warning C4267: “参数”: 从“size_t”转换到“ULONG”，可能丢失数据
D:\csgo\HPCS2-main\HPCS2\Source.cpp(637,81): warning C4312: “reinterpret_cast”: 从“LONG”转换到更大的“HINSTANCE”
D:\csgo\HPCS2-main\HPCS2\Source.cpp(854,13): warning C4244: “参数”: 从“double”转换到“int”，可能丢失数据
D:\csgo\HPCS2-main\HPCS2\Source.cpp(1001,13): warning C4244: “=”: 从“double”转换到“float”，可能丢失数据
D:\csgo\HPCS2-main\HPCS2\Source.cpp(1002,22): warning C4244: “=”: 从“int”转换到“float”，可能丢失数据
D:\csgo\HPCS2-main\HPCS2\Source.cpp(1035,30): warning C4244: “=”: 从“LONG”转换到“float”，可能丢失数据
D:\csgo\HPCS2-main\HPCS2\Source.cpp(1036,31): warning C4244: “=”: 从“LONG”转换到“float”，可能丢失数据
D:\csgo\HPCS2-main\HPCS2\Source.cpp(1091,35): warning C4244: “=”: 从“T”转换到“float”，可能丢失数据
          with
          [
              T=int
          ]
D:\csgo\HPCS2-main\HPCS2\Source.cpp(1149,5): warning C4244: “参数”: 从“float”转换到“int”，可能丢失数据
D:\csgo\HPCS2-main\HPCS2\Source.cpp(1148,5): warning C4244: “参数”: 从“float”转换到“int”，可能丢失数据
D:\csgo\HPCS2-main\HPCS2\Source.cpp(1147,19): warning C4244: “参数”: 从“float”转换到“int”，可能丢失数据
D:\csgo\HPCS2-main\HPCS2\Source.cpp(1146,19): warning C4244: “参数”: 从“float”转换到“int”，可能丢失数据
D:\csgo\HPCS2-main\HPCS2\Source.cpp(1156,16): warning C4244: “参数”: 从“const float”转换到“int”，可能丢失数据
D:\csgo\HPCS2-main\HPCS2\Source.cpp(1155,19): warning C4244: “参数”: 从“float”转换到“int”，可能丢失数据
D:\csgo\HPCS2-main\HPCS2\Source.cpp(1222,24): warning C4244: “初始化”: 从“float”转换到“int”，可能丢失数据
D:\csgo\HPCS2-main\HPCS2\Source.cpp(1228,5): warning C4244: “参数”: 从“const float”转换到“int”，可能丢失数据
D:\csgo\HPCS2-main\HPCS2\Source.cpp(1227,5): warning C4244: “参数”: 从“const float”转换到“int”，可能丢失数据
D:\csgo\HPCS2-main\HPCS2\Source.cpp(1226,15): warning C4244: “参数”: 从“const float”转换到“int”，可能丢失数据
D:\csgo\HPCS2-main\HPCS2\Source.cpp(1225,18): warning C4244: “参数”: 从“float”转换到“int”，可能丢失数据
D:\csgo\HPCS2-main\HPCS2\Source.cpp(1232,121): warning C4244: “参数”: 从“double”转换到“float”，可能丢失数据
D:\csgo\HPCS2-main\HPCS2\Source.cpp(1232,95): warning C4244: “参数”: 从“LONG”转换到“float”，可能丢失数据
D:\csgo\HPCS2-main\HPCS2\Source.cpp(1239,12): warning C4244: “参数”: 从“float”转换到“int”，可能丢失数据
D:\csgo\HPCS2-main\HPCS2\Source.cpp(1237,18): warning C4244: “参数”: 从“float”转换到“int”，可能丢失数据
D:\csgo\HPCS2-main\HPCS2\Source.cpp(1236,18): warning C4244: “参数”: 从“float”转换到“int”，可能丢失数据
D:\csgo\HPCS2-main\HPCS2\Source.cpp(1248,12): warning C4244: “参数”: 从“float”转换到“int”，可能丢失数据
D:\csgo\HPCS2-main\HPCS2\Source.cpp(1246,18): warning C4244: “参数”: 从“float”转换到“int”，可能丢失数据
D:\csgo\HPCS2-main\HPCS2\Source.cpp(1245,18): warning C4244: “参数”: 从“float”转换到“int”，可能丢失数据
D:\csgo\HPCS2-main\HPCS2\Source.cpp(1259,15): warning C4244: “参数”: 从“const float”转换到“int”，可能丢失数据
D:\csgo\HPCS2-main\HPCS2\Source.cpp(1258,18): warning C4244: “参数”: 从“float”转换到“int”，可能丢失数据
D:\csgo\HPCS2-main\HPCS2\Source.cpp(1274,18): warning C4244: “参数”: 从“float”转换到“int”，可能丢失数据
D:\csgo\HPCS2-main\HPCS2\Source.cpp(1273,18): warning C4244: “参数”: 从“float”转换到“int”，可能丢失数据
D:\csgo\HPCS2-main\HPCS2\Source.cpp(1287,18): warning C4244: “参数”: 从“float”转换到“int”，可能丢失数据
D:\csgo\HPCS2-main\HPCS2\Source.cpp(1286,18): warning C4244: “参数”: 从“float”转换到“int”，可能丢失数据
D:\csgo\HPCS2-main\HPCS2\Source.cpp(1300,18): warning C4244: “参数”: 从“float”转换到“int”，可能丢失数据
D:\csgo\HPCS2-main\HPCS2\Source.cpp(1299,18): warning C4244: “参数”: 从“float”转换到“int”，可能丢失数据
D:\csgo\HPCS2-main\HPCS2\Source.cpp(1340,19): warning C4244: “参数”: 从“float”转换到“int”，可能丢失数据
D:\csgo\HPCS2-main\HPCS2\Source.cpp(1339,19): warning C4244: “参数”: 从“float”转换到“int”，可能丢失数据
D:\csgo\HPCS2-main\HPCS2\Source.cpp(1349,19): warning C4244: “参数”: 从“float”转换到“int”，可能丢失数据
D:\csgo\HPCS2-main\HPCS2\Source.cpp(1348,19): warning C4244: “参数”: 从“float”转换到“int”，可能丢失数据
D:\csgo\HPCS2-main\HPCS2\Source.cpp(1358,19): warning C4244: “参数”: 从“float”转换到“int”，可能丢失数据
D:\csgo\HPCS2-main\HPCS2\Source.cpp(1357,19): warning C4244: “参数”: 从“float”转换到“int”，可能丢失数据
D:\csgo\HPCS2-main\HPCS2\Source.cpp(1369,20): warning C4244: “参数”: 从“float”转换到“int”，可能丢失数据
D:\csgo\HPCS2-main\HPCS2\Source.cpp(1368,20): warning C4244: “参数”: 从“float”转换到“int”，可能丢失数据
D:\csgo\HPCS2-main\HPCS2\Source.cpp(1382,20): warning C4244: “参数”: 从“float”转换到“int”，可能丢失数据
D:\csgo\HPCS2-main\HPCS2\Source.cpp(1381,20): warning C4244: “参数”: 从“float”转换到“int”，可能丢失数据
  正在生成代码
  Previous IPDB not found, fall back to full compilation.
D:\csgo\HPCS2-main\HPCS2\Source.cpp(252): warning C4172: 返回局部变量或临时变量的地址
D:\csgo\HPCS2-main\HPCS2\Source.cpp(247): warning C4172: 返回局部变量或临时变量的地址
D:\csgo\HPCS2-main\HPCS2\Source.cpp(237): warning C4172: 返回局部变量或临时变量的地址
D:\csgo\HPCS2-main\HPCS2\Source.cpp(242): warning C4172: 返回局部变量或临时变量的地址
D:\csgo\HPCS2-main\HPCS2\Source.cpp(273): warning C4172: 返回局部变量或临时变量的地址
  All 2386 functions were compiled because no usable IPDB/IOBJ from previous compilation was found.
  已完成代码的生成
  HPCS2.vcxproj -> D:\csgo\HPCS2-main\x64\Release\HPCS2.exe
